<?xml version="1.0" encoding="UTF-8"?>
<testsuite xmlns:xsi="http://www.w3.org/2001/XMLSchema-instance" xsi:noNamespaceSchemaLocation="https://maven.apache.org/surefire/maven-surefire-plugin/xsd/surefire-test-report-3.0.xsd" version="3.0" name="com.musinsa.MusinsaExamApplicationTests" time="2.312" tests="1" errors="0" skipped="0" failures="0">
  <properties>
[...]
</properties>
  <testcase name="contextLoads" classname="com.musinsa.MusinsaExamApplicationTests" time="0.25">
    <system-out><![CDATA[13:16:37.042 [main] INFO org.springframework.test.context.support.AnnotationConfigContextLoaderUtils -- Could not detect default configuration classes for test class [com.musinsa.MusinsaExamApplicationTests]: MusinsaExamApplicationTests does not declare any static, non-private, non-final, nested classes annotated with @Configuration.
13:16:37.095 [main] INFO org.springframework.boot.test.context.SpringBootTestContextBootstrapper -- Found @SpringBootConfiguration com.musinsa.MusinsaExamApplication for test class com.musinsa.MusinsaExamApplicationTests

  .   ____          _            __ _ _
 /\\ / ___'_ __ _ _(_)_ __  __ _ \ \ \ \
( ( )\___ | '_ | '_| | '_ \/ _` | \ \ \ \
 \\/  ___)| |_)| | | | | || (_| |  ) ) ) )
  '  |____| .__|_| |_|_| |_\__, | / / / /
 =========|_|==============|___/=/_/_/_/
 :: Spring Boot ::                (v3.1.0)

2025-01-02T13:16:37.290+09:00  INFO 70825 --- [           main] c.musinsa.MusinsaExamApplicationTests    : Starting MusinsaExamApplicationTests using Java 17.0.6 with PID 70825 (started by hsjacob.yoon in /Users/hsjacob.yoon/eclipse/workspace/musinsa-exam)
2025-01-02T13:16:37.291+09:00  INFO 70825 --- [           main] c.musinsa.MusinsaExamApplicationTests    : No active profile set, falling back to 1 default profile: "default"
2025-01-02T13:16:37.585+09:00  INFO 70825 --- [           main] .s.d.r.c.RepositoryConfigurationDelegate : Bootstrapping Spring Data JPA repositories in DEFAULT mode.
2025-01-02T13:16:37.610+09:00  INFO 70825 --- [           main] .s.d.r.c.RepositoryConfigurationDelegate : Finished Spring Data repository scanning in 21 ms. Found 1 JPA repository interfaces.
2025-01-02T13:16:37.830+09:00  INFO 70825 --- [           main] o.hibernate.jpa.internal.util.LogHelper  : HHH000204: Processing PersistenceUnitInfo [name: default]
2025-01-02T13:16:37.856+09:00  INFO 70825 --- [           main] org.hibernate.Version                    : HHH000412: Hibernate ORM core version 6.2.2.Final
2025-01-02T13:16:37.857+09:00  INFO 70825 --- [           main] org.hibernate.cfg.Environment            : HHH000406: Using bytecode reflection optimizer
2025-01-02T13:16:37.932+09:00  INFO 70825 --- [           main] o.h.b.i.BytecodeProviderInitiator        : HHH000021: Bytecode provider name : bytebuddy
2025-01-02T13:16:38.008+09:00  INFO 70825 --- [           main] o.s.o.j.p.SpringPersistenceUnitInfo      : No LoadTimeWeaver setup: ignoring JPA class transformer
2025-01-02T13:16:38.016+09:00  INFO 70825 --- [           main] com.zaxxer.hikari.HikariDataSource       : HikariPool-1 - Starting...
2025-01-02T13:16:38.075+09:00  INFO 70825 --- [           main] com.zaxxer.hikari.pool.HikariPool        : HikariPool-1 - Added connection conn0: url=jdbc:h2:tcp://localhost/~/test user=SA
2025-01-02T13:16:38.076+09:00  INFO 70825 --- [           main] com.zaxxer.hikari.HikariDataSource       : HikariPool-1 - Start completed.
2025-01-02T13:16:38.090+09:00  INFO 70825 --- [           main] org.hibernate.orm.dialect                : HHH035001: Using dialect: org.hibernate.dialect.H2Dialect, version: 2.3.232
2025-01-02T13:16:38.183+09:00  INFO 70825 --- [           main] o.h.b.i.BytecodeProviderInitiator        : HHH000021: Bytecode provider name : bytebuddy
2025-01-02T13:16:38.496+09:00  INFO 70825 --- [           main] o.h.e.t.j.p.i.JtaPlatformInitiator       : HHH000490: Using JtaPlatform implementation: [org.hibernate.engine.transaction.jta.platform.internal.NoJtaPlatform]
2025-01-02T13:16:38.517+09:00  INFO 70825 --- [           main] j.LocalContainerEntityManagerFactoryBean : Initialized JPA EntityManagerFactory for persistence unit 'default'
2025-01-02T13:16:38.708+09:00  INFO 70825 --- [           main] o.s.d.j.r.query.QueryEnhancerFactory     : Hibernate is in classpath; If applicable, HQL parser will be used.
2025-01-02T13:16:38.974+09:00  INFO 70825 --- [           main] o.s.b.a.h2.H2ConsoleAutoConfiguration    : H2 console available at '/h2-console'. Database available at 'jdbc:h2:tcp://localhost/~/test'
2025-01-02T13:16:39.002+09:00  INFO 70825 --- [           main] c.musinsa.MusinsaExamApplicationTests    : Started MusinsaExamApplicationTests in 1.839 seconds (process running for 2.334)
]]></system-out>
  </testcase>
</testsuite>